<?xml version="1.0" encoding="UTF-8"?>
<testsuite name="com.example.SeeATodoListAT" tests="1" skipped="0" failures="0" errors="0" timestamp="2024-08-23T21:21:10" hostname="PCN1475CAL" time="0.878">
  <properties/>
  <testcase name="List owners can see their lists()" classname="com.example.SeeATodoListAT" time="0.878"/>
  <system-out><![CDATA[]]></system-out>
  <system-err><![CDATA[SLF4J(W): No SLF4J providers were found.
SLF4J(W): Defaulting to no-operation (NOP) logger implementation
SLF4J(W): See https://www.slf4j.org/codes.html#noProviders for further details.
]]></system-err>
</testsuite>
